\BOOKMARK [1][-]{Abstract.1}{Abstract}{}% 1
\BOOKMARK [1][-]{tableofcontents.1}{Contents}{}% 2
\BOOKMARK [1][-]{lof.1}{List of Figures}{}% 3
\BOOKMARK [1][-]{lot.1}{List of Tables}{}% 4
\BOOKMARK [1][-]{lol.1}{Listings}{}% 5
\BOOKMARK [1][-]{acronyms.1}{Acronyms}{}% 6
\BOOKMARK [0][]{chapter.1}{1 Introduction}{}% 7
\BOOKMARK [0][]{chapter.2}{2 Couche limite}{}% 8
\BOOKMARK [1][-]{subsection.2.0.1}{2.0.1 \311quations de la couche limite }{chapter.2}% 9
\BOOKMARK [2][-]{subsection.2.0.2}{2.0.2 \311quations de Blasius}{subsection.2.0.1}% 10
\BOOKMARK [2][-]{subsection.2.0.3}{2.0.3 \311paisseur de d\351placement}{subsection.2.0.1}% 11
\BOOKMARK [2][-]{subsection.2.0.4}{2.0.4 \311paisseur de quantit\351 de mouvement}{subsection.2.0.1}% 12
\BOOKMARK [2][-]{subsection.2.0.5}{2.0.5 Coefficient de frottement \340 la paroi}{subsection.2.0.1}% 13
\BOOKMARK [2][-]{subsection.2.0.6}{2.0.6 Comparaisons avec nos exp\351riences}{subsection.2.0.1}% 14
\BOOKMARK [0][]{chapter.3}{3 Capillarit\351}{}% 15
\BOOKMARK [1][-]{section.3.1}{3.1 Tension de surface}{chapter.3}% 16
\BOOKMARK [2][-]{subsection.3.1.1}{3.1.1 Mouillage}{section.3.1}% 17
\BOOKMARK [1][-]{section.3.2}{3.2 Hyst\351r\351sis}{chapter.3}% 18
\BOOKMARK [1][-]{section.3.3}{3.3 Mod\350les d'angle dynamique}{chapter.3}% 19
\BOOKMARK [0][]{chapter.4}{4 Exp\351riences}{}% 20
\BOOKMARK [1][-]{section.4.1}{4.1 Dispositif exp\351rimental}{chapter.4}% 21
\BOOKMARK [1][-]{section.4.2}{4.2 An\351mom\350tre \340 fil chaud}{chapter.4}% 22
\BOOKMARK [1][-]{section.4.3}{4.3 Param\350tres mesur\351s}{chapter.4}% 23
\BOOKMARK [1][-]{section.4.4}{4.4 Mesures num\351riques}{chapter.4}% 24
\BOOKMARK [1][-]{section.4.5}{4.5 Mesures exp\351rimentales}{chapter.4}% 25
\BOOKMARK [1][-]{section.4.6}{4.6 R\351sultat}{chapter.4}% 26
\BOOKMARK [2][-]{subsection.4.6.1}{4.6.1 Vitesse de 20m.s-1}{section.4.6}% 27
\BOOKMARK [2][-]{subsection.4.6.2}{4.6.2 Vitesse de 24m.s-1}{section.4.6}% 28
\BOOKMARK [2][-]{subsection.4.6.3}{4.6.3 Vitesse de 28m.s-1}{section.4.6}% 29
\BOOKMARK [2][-]{subsection.4.6.4}{4.6.4 Longueur d \340 une vitesse de 24m.s-1 avec ou sans d\351bit}{section.4.6}% 30
\BOOKMARK [0][]{chapter.5}{5 Conclusion}{}% 31
\BOOKMARK [0][]{chapter.5}{ Bibliography}{}% 32
